Checking cowboy
Checking cowboy_app
Checking cowboy_bstr
Checking cowboy_children
Checking cowboy_clear
Checking cowboy_clock
Checking cowboy_compress_h
Checking cowboy_constraints
Checking cowboy_handler
Checking cowboy_http
Checking cowboy_http2
Checking cowboy_loop
Checking cowboy_metrics_h
Checking cowboy_middleware
Checking cowboy_req
Checking cowboy_rest
Checking cowboy_router
Checking cowboy_static
Checking cowboy_stream
Checking cowboy_stream_h
Checking cowboy_sub_protocol
Checking cowboy_sup
Checking cowboy_tls
Checking cowboy_tracer_h
Checking cowboy_websocket
Checking mutagen
Checking mutagen_app
Checking mutagen_sup
Checking nitro_cache
Checking nitro_cache_app
Checking nitro_cache_expirer
Checking nitro_cache_sup
Checking action_add_class
Checking action_add_option
Checking action_alert
Checking action_animate
Checking action_api
Checking action_appear
Checking action_before_postback
Checking action_buttonize
Checking action_clear_validation
Checking action_click
Checking action_comet
Checking action_confirm
Checking action_console_log
Checking action_continue
Checking action_disable
Checking action_disable_selection
Checking action_effect
Checking action_enable
Checking action_event
Checking action_fade
Checking action_function
Checking action_hide
Checking action_if_checked
Checking action_if_value
Checking action_jquery_effect
Checking action_js_fun
Checking action_make_readonly
Checking action_make_writable
Checking action_open_window
Checking action_redirect
Checking action_remove_class
Checking action_remove_option
Checking action_script
Checking action_set
Checking action_set_cookie
Checking action_set_multiple
Checking action_show
Checking action_slide_down
Checking action_slide_up
Checking action_toggle
Checking action_toggle_mobile_panel
Checking action_toggle_option
Checking action_update
Checking action_validate
Checking action_validation_error
Checking action_wire
Checking element_button
Checking element_checkbox
Checking element_date_dropdown
Checking element_datepicker_textbox
Checking element_dropdown
Checking element_hidden
Checking element_inplace
Checking element_inplace_textarea
Checking element_inplace_textbox
Checking element_label
Checking element_password
Checking element_radio
Checking element_radiogroup
Checking element_range
Checking element_restful_form
Checking element_restful_reset
Checking element_restful_submit
Checking element_restful_upload
Checking element_textarea
Checking element_textbox
Checking element_textbox_autocomplete
Checking element_upload
Checking element_wizard
Checking element_basic_tag
Checking element_br
Checking element_email_link
Checking element_hr
Checking element_image
Checking element_link
Checking element_list
Checking element_listitem
Checking element_literal
Checking element_time
Checking element_value
Checking element_fieldset
Checking element_grid
Checking element_grid_960
Checking element_lightbox
Checking element_placeholder
Checking element_template
Checking element_mobile_collapsible
Checking element_mobile_collapsible_set
Checking element_mobile_grid
Checking element_mobile_grid_block
Checking element_mobile_list
Checking element_mobile_list_divider
Checking element_mobile_listitem
Checking element_mobile_panel
Checking element_mobile_toggle
Checking element_bind
Checking element_calendar
Checking element_delay_body
Checking element_draggable
Checking element_droppable
Checking element_file
Checking element_flash
Checking element_function
Checking element_google_chart
Checking element_gravatar
Checking element_icon
Checking element_iframe
Checking element_mermaid
Checking element_progress_bar
Checking element_qr
Checking element_recaptcha
Checking element_sortblock
Checking element_sortitem
Checking element_sparkline
Checking element_spinner
Checking element_sync_panel
Checking element_video
Checking element_youtube
Checking element_singlerow
Checking element_table
Checking element_tablecell
Checking element_tableheader
Checking element_tablerow
Checking cache_handler
Checking default_cache_handler
Checking config_handler
Checking default_config_handler
Checking crash_handler
Checking debug_crash_handler
Checking default_crash_handler
Checking default_identity_handler
Checking identity_handler
Checking default_log_handler
Checking log_handler
Checking default_postback_handler
Checking postback_handler
Checking gproc_registry_handler
Checking nprocreg_registry_handler
Checking process_registry_handler
Checking default_query_handler
Checking query_handler
Checking default_role_handler
Checking role_handler
Checking dynamic_route_handler
Checking file_not_found_page
Checking named_route_handler
Checking nitrogen_rest
Checking nitrogen_smart_extensions
Checking passthrough_route_handler
Checking route_handler
Checking default_security_handler
Checking http_basic_auth_security_handler
Checking security_handler
Checking canister_session_handler
Checking session_handler
Checking simple_session_handler
Checking default_state_handler
Checking state_handler
Checking default_websocket_handler
Checking websocket_handler
Checking nitro_mochijson2
Checking nitro_mochinum
Checking wf_action_queue
Checking wf_context
Checking wf_convert
Checking wf_cookies
Checking wf_event
Checking wf_fastmap
Checking wf_fastmap_worker
Checking wf_grid_system
Checking wf_handler
Checking wf_pandoc
Checking wf_pickle
Checking wf_render_actions
Checking wf_render_elements
Checking wf_security_policy
Checking wf_tags
Checking wf_test
Checking wf_test_srv
Checking wf_utils
Checking wf_validation
Checking nitrogen
Checking nitrogen_dev
Checking validator_confirm_password
Checking validator_confirm_same
Checking validator_custom
Checking validator_is_email
Checking validator_is_integer
Checking validator_is_number
Checking validator_is_required
Checking validator_js_custom
Checking validator_max_length
Checking validator_min_length
Checking wf
Checking wf_core
Checking nprocreg
Checking nprocreg_app
Checking nprocreg_sup
Checking qdate
Checking qdate_app
Checking qdate_srv
Checking qdate_sup
Checking ranch
Checking ranch_acceptor
Checking ranch_acceptors_sup
Checking ranch_app
Checking ranch_conns_sup
Checking ranch_crc32c
Checking ranch_listener_sup
Checking ranch_protocol
Checking ranch_proxy_header
Checking ranch_server
Checking ranch_ssl
Checking ranch_sup
Checking ranch_tcp
Checking ranch_transport
Checking cowboy_request_server
Checking cowboy_simple_bridge
Checking cowboy_simple_bridge_anchor
Checking cowboy_simple_bridge_sup
Checking inets_simple_bridge
Checking inets_simple_bridge_anchor
Checking inets_simple_bridge_sup
Checking mochiweb_simple_bridge
Checking mochiweb_simple_bridge_anchor
Checking mochiweb_simple_bridge_sup
Checking sb_file_upload_handler
Checking sb_uploaded_file
Checking sbw
Checking simple_bridge
Checking simple_bridge_app
Checking simple_bridge_handler
Checking simple_bridge_handler_sample
Checking simple_bridge_multipart
Checking simple_bridge_util
Checking simple_bridge_websocket
Checking webmachine_simple_bridge
Checking webmachine_simple_bridge_anchor
Checking webmachine_simple_bridge_static
Checking webmachine_simple_bridge_sup
Checking yaws_simple_bridge
Checking yaws_simple_bridge_anchor
Checking yaws_simple_bridge_sup
Checking sync
Checking sync_notify
Checking sync_options
Checking sync_scanner
Checking sync_utils
Checking index
Checking mobile
Checking nitrogen_app
Checking nitrogen_main_handler
Checking nitrogen_sup
Checking default_log_handler
Checking action_animate
Checking route_handler
Checking element_sortitem
Checking webmachine_simple_bridge_static
/home/beta/FRAMES/nnote/lib/simple_bridge/src/webmachine_bridge_modules/webmachine_simple_bridge_static.erl
Checking validator_min_length
Checking action_toggle_mobile_panel
Checking element_basic_tag
Checking element_upload
Checking element_draggable
Checking element_mobile_listitem
Checking action_jquery_effect
Checking nitrogen_rest
Checking validator_is_number
Checking wf_render_actions
Checking websocket_handler
Checking dynamic_route_handler
Checking webmachine_simple_bridge
Checking mochiweb_simple_bridge
Checking element_youtube
Checking canister_session_handler
Checking action_js_fun
Checking element_radio
Checking cowboy_simple_bridge_sup
Checking wf_tags
Checking element_restful_upload
Checking element_mobile_toggle
Checking element_progress_bar
Checking action_if_value
Checking postback_handler
Checking element_br
Checking element_icon
Checking wf_handler
Checking simple_bridge_multipart
Checking element_mobile_panel
Checking element_bind
Checking inets_simple_bridge
Checking simple_session_handler
Checking action_validation_error
Checking action_clear_validation
Checking process_registry_handler
Checking element_textarea
Checking action_before_postback
Checking element_textbox
Checking element_value
Checking action_event
Checking element_dropdown
Checking wf_pickle
Checking element_mobile_grid_block
Checking security_handler
Checking gproc_registry_handler
Checking wf_validation
Checking mochiweb_simple_bridge_anchor
Checking element_calendar
Checking default_state_handler
Checking element_inplace_textarea
Checking cache_handler
Checking wf_event
Checking action_hide
Checking action_enable
Checking element_range
Checking session_handler
Checking action_toggle
Checking action_validate
Checking state_handler
Checking wf_test
Checking action_redirect
Checking action_toggle_option
Checking action_if_checked
Checking element_recaptcha
Checking element_delay_body
Checking wf_context
Checking default_crash_handler
Checking cowboy_request_server
Checking element_google_chart
Checking action_remove_class
Checking element_listitem
Checking identity_handler
Checking validator_confirm_password
Checking element_hidden
Checking default_config_handler
Checking role_handler
Checking yaws_simple_bridge
Checking element_button
Checking action_slide_down
Checking element_checkbox
Checking element_gravatar
Checking element_sync_panel
Checking index
Checking action_click
Checking element_radiogroup
Checking http_basic_auth_security_handler
Checking action_make_writable
Checking wf_fastmap
Checking element_grid_960
Checking action_continue
Checking sbw
Checking nitro_cache
Checking validator_confirm_same
Checking file_not_found_page
Checking wf_test_srv
Checking wf_security_policy
Checking element_date_dropdown
Checking element_wizard
Checking validator_is_integer
Checking validator_custom
Checking nitro_cache_expirer
Checking element_tableheader
Checking element_mobile_collapsible
Checking element_grid
Checking element_spinner
Checking wf_utils
Checking element_hr
Checking element_link
Checking action_remove_option
Checking element_datepicker_textbox
Checking element_file
Checking mobile
Checking element_time
Checking action_effect
Checking element_mobile_list
Checking wf_cookies
Checking log_handler
Checking element_mobile_collapsible_set
Checking element_image
Checking validator_is_required
Checking default_websocket_handler
Checking action_api
Checking element_mobile_list_divider
Checking wf_action_queue
Checking action_confirm
Checking action_set_cookie
Checking simple_bridge
Checking default_cache_handler
Checking simple_bridge_handler
Checking action_set_multiple
Checking action_function
Checking named_route_handler
Checking element_template
Checking action_wire
Checking query_handler
Checking action_buttonize
Checking wf_pandoc
Checking element_placeholder
Checking debug_crash_handler
Checking default_postback_handler
Checking config_handler
Checking passthrough_route_handler
Checking element_flash
Checking action_disable_selection
Checking element_list
Checking validator_max_length
Checking validator_js_custom
Checking simple_bridge_util
Checking element_table
Checking action_open_window
Checking cowboy_simple_bridge
Checking element_tablerow
Checking action_set
Checking action_alert
Checking action_make_readonly
Checking sb_uploaded_file
Checking element_lightbox
Checking element_singlerow
Checking action_script
Checking nprocreg_registry_handler
Checking element_restful_reset
Checking element_textbox_autocomplete
Checking element_qr
Checking wf_convert
Checking element_restful_form
Checking action_fade
Checking element_literal
Checking element_mobile_grid
Checking action_add_class
Checking element_inplace
Checking action_console_log
Checking simple_bridge_websocket
Checking element_mermaid
Checking default_query_handler
Checking nprocreg
Checking element_password
Checking element_function
Checking wf
Checking action_comet
Checking action_disable
Checking action_appear
Checking element_iframe
Checking element_fieldset
Checking action_add_option
Checking element_email_link
Checking validator_is_email
Checking element_sparkline
Checking wf_core
Checking element_droppable
Checking action_update
Checking action_slide_up
Checking element_restful_submit
Checking default_security_handler
Checking element_video
Checking webmachine_simple_bridge_anchor
Checking wf_render_elements
Checking element_sortblock
Checking element_inplace_textbox
Checking action_show
Checking element_tablecell
Checking crash_handler
Checking element_label
Checking cow_base64url
Checking cow_cookie
Checking cow_date
Checking cow_hpack
Checking cow_http
Checking cow_http2
Checking cow_http2_machine
Checking cow_http_hd
Checking cow_http_te
Checking cow_iolists
Checking cow_mimetypes
Checking cow_multipart
Checking cow_qs
Checking cow_spdy
Checking cow_sse
Checking cow_uri
Checking cow_ws
Checking ds
Checking ds_syntax
Checking ds_util
Checking erlang_ds
Checking erlang_ds_builder
Checking erlang_ds_dict
Checking erlang_ds_prv
Checking erlang_ds_qdate_updaters
Checking erlang_ds_register
Checking erlang_ds_type_handler
Checking cowboy_http
Checking cow_http
Checking cow_http_hd
Checking cow_http_te
Checking cow_multipart
Checking cowboy
Checking cowboy_app
Checking cowboy_bstr
Checking cowboy_children
Checking cowboy_clear
Checking cowboy_clock
Checking cowboy_compress_h
Checking cowboy_constraints
Checking cowboy_handler
Checking cowboy_http
Checking cowboy_http2
Checking cowboy_loop
Checking cowboy_metrics_h
Checking cowboy_middleware
Checking cowboy_req
Checking cowboy_rest
Checking cowboy_router
Checking cowboy_static
Checking cowboy_stream
Checking cowboy_stream_h
Checking cowboy_sub_protocol
Checking cowboy_sup
Checking cowboy_tls
Checking cowboy_tracer_h
Checking cowboy_websocket
Checking mutagen
Checking mutagen_app
Checking mutagen_sup
Checking nitro_cache
Checking nitro_cache_app
Checking nitro_cache_expirer
Checking nitro_cache_sup
Checking action_add_class
Checking action_add_option
Checking action_alert
Checking action_animate
Checking action_api
Checking action_appear
Checking action_before_postback
Checking action_buttonize
Checking action_clear_validation
Checking action_click
Checking action_comet
Checking action_confirm
Checking action_console_log
Checking action_continue
Checking action_disable
Checking action_disable_selection
Checking action_effect
Checking action_enable
Checking action_event
Checking action_fade
Checking action_function
Checking action_hide
Checking action_if_checked
Checking action_if_value
Checking action_jquery_effect
Checking action_js_fun
Checking action_make_readonly
Checking action_make_writable
Checking action_open_window
Checking action_redirect
Checking action_remove_class
Checking action_remove_option
Checking action_script
Checking action_set
Checking action_set_cookie
Checking action_set_multiple
Checking action_show
Checking action_slide_down
Checking action_slide_up
Checking action_toggle
Checking action_toggle_mobile_panel
Checking action_toggle_option
Checking action_update
Checking action_validate
Checking action_validation_error
Checking action_wire
Checking element_button
Checking element_checkbox
Checking element_date_dropdown
Checking element_datepicker_textbox
Checking element_dropdown
Checking element_hidden
Checking element_inplace
Checking element_inplace_textarea
Checking element_inplace_textbox
Checking element_label
Checking element_password
Checking element_radio
Checking element_radiogroup
Checking element_range
Checking element_restful_form
Checking element_restful_reset
Checking element_restful_submit
Checking element_restful_upload
Checking element_textarea
Checking element_textbox
Checking element_textbox_autocomplete
Checking element_upload
Checking element_wizard
Checking element_basic_tag
Checking element_br
Checking element_email_link
Checking element_hr
Checking element_image
Checking element_link
Checking element_list
Checking element_listitem
Checking element_literal
Checking element_time
Checking element_value
Checking element_fieldset
Checking element_grid
Checking element_grid_960
Checking element_lightbox
Checking element_placeholder
Checking element_template
Checking element_mobile_collapsible
Checking element_mobile_collapsible_set
Checking element_mobile_grid
Checking element_mobile_grid_block
Checking element_mobile_list
Checking element_mobile_list_divider
Checking element_mobile_listitem
Checking element_mobile_panel
Checking element_mobile_toggle
Checking element_bind
Checking element_calendar
Checking element_delay_body
Checking element_draggable
Checking element_droppable
Checking element_file
Checking element_flash
Checking element_function
Checking element_google_chart
Checking element_gravatar
Checking element_icon
Checking element_iframe
Checking element_mermaid
Checking element_progress_bar
Checking element_qr
Checking element_recaptcha
Checking element_sortblock
Checking element_sortitem
Checking element_sparkline
Checking element_spinner
Checking element_sync_panel
Checking element_video
Checking element_youtube
Checking element_singlerow
Checking element_table
Checking element_tablecell
Checking element_tableheader
Checking element_tablerow
Checking cache_handler
Checking default_cache_handler
Checking config_handler
Checking default_config_handler
Checking crash_handler
Checking debug_crash_handler
Checking default_crash_handler
Checking default_identity_handler
Checking identity_handler
Checking default_log_handler
Checking log_handler
Checking default_postback_handler
Checking postback_handler
Checking gproc_registry_handler
Checking nprocreg_registry_handler
Checking process_registry_handler
Checking default_query_handler
Checking query_handler
Checking default_role_handler
Checking role_handler
Checking dynamic_route_handler
Checking file_not_found_page
Checking named_route_handler
Checking nitrogen_rest
Checking nitrogen_smart_extensions
Checking passthrough_route_handler
Checking route_handler
Checking default_security_handler
Checking http_basic_auth_security_handler
Checking security_handler
Checking canister_session_handler
Checking session_handler
Checking simple_session_handler
Checking default_state_handler
Checking state_handler
Checking default_websocket_handler
Checking websocket_handler
Checking nitro_mochijson2
Checking nitro_mochinum
Checking wf_action_queue
Checking wf_context
Checking wf_convert
Checking wf_cookies
Checking wf_event
Checking wf_fastmap
Checking wf_fastmap_worker
Checking wf_grid_system
Checking wf_handler
Checking wf_pandoc
Checking wf_pickle
Checking wf_render_actions
Checking wf_render_elements
Checking wf_security_policy
Checking wf_tags
Checking wf_test
Checking wf_test_srv
Checking wf_utils
Checking wf_validation
Checking nitrogen
Checking nitrogen_dev
Checking validator_confirm_password
Checking validator_confirm_same
Checking validator_custom
Checking validator_is_email
Checking validator_is_integer
Checking validator_is_number
Checking validator_is_required
Checking validator_js_custom
Checking validator_max_length
Checking validator_min_length
Checking wf
Checking wf_core
Checking nprocreg
Checking nprocreg_app
Checking nprocreg_sup
Checking qdate
Checking qdate_app
Checking qdate_srv
Checking qdate_sup
Checking ranch
Checking ranch_acceptor
Checking ranch_acceptors_sup
Checking ranch_app
Checking ranch_conns_sup
Checking ranch_crc32c
Checking ranch_listener_sup
Checking ranch_protocol
Checking ranch_proxy_header
Checking ranch_server
Checking ranch_ssl
Checking ranch_sup
Checking ranch_tcp
Checking ranch_transport
Checking cowboy_request_server
Checking cowboy_simple_bridge
Checking cowboy_simple_bridge_anchor
Checking cowboy_simple_bridge_sup
Checking inets_simple_bridge
Checking inets_simple_bridge_anchor
Checking inets_simple_bridge_sup
Checking mochiweb_simple_bridge
Checking mochiweb_simple_bridge_anchor
Checking mochiweb_simple_bridge_sup
Checking sb_file_upload_handler
Checking sb_uploaded_file
Checking sbw
Checking simple_bridge
Checking simple_bridge_app
Checking simple_bridge_handler
Checking simple_bridge_handler_sample
Checking simple_bridge_multipart
Checking simple_bridge_util
Checking simple_bridge_websocket
Checking webmachine_simple_bridge
Checking webmachine_simple_bridge_anchor
Checking webmachine_simple_bridge_static
Checking webmachine_simple_bridge_sup
Checking yaws_simple_bridge
Checking yaws_simple_bridge_anchor
Checking yaws_simple_bridge_sup
Checking sync
Checking sync_notify
Checking sync_options
Checking sync_scanner
Checking sync_utils
Checking index
Checking mobile
Checking nitrogen_app
Checking nitrogen_main_handler
Checking nitrogen_sup
Checking default_log_handler
Checking action_animate
Checking route_handler
Checking element_sortitem
Checking webmachine_simple_bridge_static
Checking validator_min_length
Checking action_toggle_mobile_panel
Checking element_basic_tag
Checking element_upload
Checking element_draggable
Checking element_mobile_listitem
Checking action_jquery_effect
Checking nitrogen_rest
Checking validator_is_number
Checking wf_render_actions
Checking websocket_handler
Checking dynamic_route_handler
Checking webmachine_simple_bridge
Checking mochiweb_simple_bridge
Checking element_youtube
Checking canister_session_handler
Checking action_js_fun
Checking element_radio
Checking cowboy_simple_bridge_sup
Checking wf_tags
Checking element_restful_upload
Checking element_mobile_toggle
Checking element_progress_bar
Checking action_if_value
Checking postback_handler
Checking element_br
Checking element_icon
Checking wf_handler
Checking simple_bridge_multipart
Checking element_mobile_panel
Checking element_bind
Checking inets_simple_bridge
Checking simple_session_handler
Checking action_validation_error
Checking action_clear_validation
Checking process_registry_handler
Checking element_textarea
Checking action_before_postback
Checking element_textbox
Checking element_value
Checking action_event
Checking element_dropdown
Checking wf_pickle
Checking element_mobile_grid_block
Checking security_handler
Checking gproc_registry_handler
Checking wf_validation
Checking mochiweb_simple_bridge_anchor
Checking element_calendar
Checking default_state_handler
Checking element_inplace_textarea
Checking cache_handler
Checking wf_event
Checking action_hide
Checking action_enable
Checking element_range
Checking session_handler
Checking action_toggle
Checking action_validate
Checking state_handler
Checking wf_test
Checking action_redirect
Checking action_toggle_option
Checking action_if_checked
Checking element_recaptcha
Checking element_delay_body
Checking wf_context
Checking default_crash_handler
Checking cowboy_request_server
Checking element_google_chart
Checking action_remove_class
Checking element_listitem
Checking identity_handler
Checking validator_confirm_password
Checking element_hidden
Checking default_config_handler
Checking role_handler
Checking yaws_simple_bridge
Checking element_button
Checking action_slide_down
Checking element_checkbox
Checking element_gravatar
Checking element_sync_panel
Checking index
Checking action_click
Checking element_radiogroup
Checking http_basic_auth_security_handler
Checking action_make_writable
Checking wf_fastmap
Checking element_grid_960
Checking action_continue
Checking sbw
Checking nitro_cache
Checking validator_confirm_same
Checking file_not_found_page
Checking wf_test_srv
Checking wf_security_policy
Checking element_date_dropdown
Checking element_wizard
Checking validator_is_integer
Checking validator_custom
Checking nitro_cache_expirer
Checking element_tableheader
Checking element_mobile_collapsible
Checking element_grid
Checking element_spinner
Checking wf_utils
Checking element_hr
Checking element_link
Checking action_remove_option
Checking element_datepicker_textbox
Checking element_file
Checking mobile
Checking element_time
Checking action_effect
Checking element_mobile_list
Checking wf_cookies
Checking log_handler
Checking element_mobile_collapsible_set
Checking element_image
Checking validator_is_required
Checking default_websocket_handler
Checking action_api
Checking element_mobile_list_divider
Checking wf_action_queue
Checking action_confirm
Checking action_set_cookie
Checking simple_bridge
Checking default_cache_handler
Checking simple_bridge_handler
Checking action_set_multiple
Checking action_function
Checking named_route_handler
Checking element_template
Checking action_wire
Checking query_handler
Checking action_buttonize
Checking wf_pandoc
Checking element_placeholder
Checking debug_crash_handler
Checking default_postback_handler
Checking config_handler
Checking passthrough_route_handler
Checking element_flash
Checking action_disable_selection
Checking element_list
Checking validator_max_length
Checking validator_js_custom
Checking simple_bridge_util
Checking element_table
Checking action_open_window
Checking cowboy_simple_bridge
Checking element_tablerow
Checking action_set
Checking action_alert
Checking action_make_readonly
Checking sb_uploaded_file
Checking element_lightbox
Checking element_singlerow
Checking action_script
Checking nprocreg_registry_handler
Checking element_restful_reset
Checking element_textbox_autocomplete
Checking element_qr
Checking wf_convert
Checking element_restful_form
Checking action_fade
Checking element_literal
Checking element_mobile_grid
Checking action_add_class
Checking element_inplace
Checking action_console_log
Checking simple_bridge_websocket
Checking element_mermaid
Checking default_query_handler
Checking nprocreg
Checking element_password
Checking element_function
Checking wf
Checking action_comet
Checking action_disable
Checking action_appear
Checking element_iframe
Checking element_fieldset
Checking action_add_option
Checking element_email_link
Checking validator_is_email
Checking element_sparkline
Checking wf_core
Checking element_droppable
Checking action_update
Checking action_slide_up
Checking element_restful_submit
Checking default_security_handler
Checking element_video
Checking webmachine_simple_bridge_anchor
Checking wf_render_elements
Checking element_sortblock
Checking element_inplace_textbox
Checking action_show
Checking element_tablecell
Checking crash_handler
Checking element_label
Checking cow_base64url
Checking cow_cookie
Checking cow_date
Checking cow_hpack
Checking cow_http
Checking cow_http2
Checking cow_http2_machine
Checking cow_http_hd
Checking cow_http_te
Checking cow_iolists
Checking cow_mimetypes
Checking cow_multipart
Checking cow_qs
Checking cow_spdy
Checking cow_sse
Checking cow_uri
Checking cow_ws
Checking ds
Checking ds_syntax
Checking ds_util
Checking erlang_ds
Checking erlang_ds_builder
Checking erlang_ds_dict
Checking erlang_ds_prv
Checking erlang_ds_qdate_updaters
Checking erlang_ds_register
Checking erlang_ds_type_handler
Checking cowboy_http
Checking cow_http
Checking cow_http_hd
Checking cow_http_te
Checking cow_multipart
/home/beta/FRAMES/nnote/site/src/index.erl
/home/beta/FRAMES/nnote/site/src/index.erl
Checking rekt
/home/beta/FRAMES/nnote/site/src/index.erl
/home/beta/FRAMES/nnote/site/src/index.erl
/home/beta/FRAMES/nnote/site/src/index.erl
/home/beta/FRAMES/nnote/site/src/index.erl
/home/beta/FRAMES/nnote/site/src/index.erl
/home/beta/FRAMES/nnote/site/src/index.erl
/home/beta/FRAMES/nnote/site/src/index.erl
Checking cowboy
Checking cowboy_app
Checking cowboy_bstr
Checking cowboy_children
Checking cowboy_clear
Checking cowboy_clock
Checking cowboy_compress_h
Checking cowboy_constraints
Checking cowboy_handler
Checking cowboy_http
Checking cowboy_http2
Checking cowboy_loop
Checking cowboy_metrics_h
Checking cowboy_middleware
Checking cowboy_req
Checking cowboy_rest
Checking cowboy_router
Checking cowboy_static
Checking cowboy_stream
Checking cowboy_stream_h
Checking cowboy_sub_protocol
Checking cowboy_sup
Checking cowboy_tls
Checking cowboy_tracer_h
Checking cowboy_websocket
Checking mutagen
Checking mutagen_app
Checking mutagen_sup
Checking nitro_cache
Checking nitro_cache_app
Checking nitro_cache_expirer
Checking nitro_cache_sup
Checking action_add_class
Checking action_add_option
Checking action_alert
Checking action_animate
Checking action_api
Checking action_appear
Checking action_before_postback
Checking action_buttonize
Checking action_clear_validation
Checking action_click
Checking action_comet
Checking action_confirm
Checking action_console_log
Checking action_continue
Checking action_disable
Checking action_disable_selection
Checking action_effect
Checking action_enable
Checking action_event
Checking action_fade
Checking action_function
Checking action_hide
Checking action_if_checked
Checking action_if_value
Checking action_jquery_effect
Checking action_js_fun
Checking action_make_readonly
Checking action_make_writable
Checking action_open_window
Checking action_redirect
Checking action_remove_class
Checking action_remove_option
Checking action_script
Checking action_set
Checking action_set_cookie
Checking action_set_multiple
Checking action_show
Checking action_slide_down
Checking action_slide_up
Checking action_toggle
Checking action_toggle_mobile_panel
Checking action_toggle_option
Checking action_update
Checking action_validate
Checking action_validation_error
Checking action_wire
Checking element_button
Checking element_checkbox
Checking element_date_dropdown
Checking element_datepicker_textbox
Checking element_dropdown
Checking element_hidden
Checking element_inplace
Checking element_inplace_textarea
Checking element_inplace_textbox
Checking element_label
Checking element_password
Checking element_radio
Checking element_radiogroup
Checking element_range
Checking element_restful_form
Checking element_restful_reset
Checking element_restful_submit
Checking element_restful_upload
Checking element_textarea
Checking element_textbox
Checking element_textbox_autocomplete
Checking element_upload
Checking element_wizard
Checking element_basic_tag
Checking element_br
Checking element_email_link
Checking element_hr
Checking element_image
Checking element_link
Checking element_list
Checking element_listitem
Checking element_literal
Checking element_time
Checking element_value
Checking element_fieldset
Checking element_grid
Checking element_grid_960
Checking element_lightbox
Checking element_placeholder
Checking element_template
Checking element_mobile_collapsible
Checking element_mobile_collapsible_set
Checking element_mobile_grid
Checking element_mobile_grid_block
Checking element_mobile_list
Checking element_mobile_list_divider
Checking element_mobile_listitem
Checking element_mobile_panel
Checking element_mobile_toggle
Checking element_bind
Checking element_calendar
Checking element_delay_body
Checking element_draggable
Checking element_droppable
Checking element_file
Checking element_flash
Checking element_function
Checking element_google_chart
Checking element_gravatar
Checking element_icon
Checking element_iframe
Checking element_mermaid
Checking element_progress_bar
Checking element_qr
Checking element_recaptcha
Checking element_sortblock
Checking element_sortitem
Checking element_sparkline
Checking element_spinner
Checking element_sync_panel
Checking element_video
Checking element_youtube
Checking element_singlerow
Checking element_table
Checking element_tablecell
Checking element_tableheader
Checking element_tablerow
Checking cache_handler
Checking default_cache_handler
Checking config_handler
Checking default_config_handler
Checking crash_handler
Checking debug_crash_handler
Checking default_crash_handler
Checking default_identity_handler
Checking identity_handler
Checking default_log_handler
Checking log_handler
Checking default_postback_handler
Checking postback_handler
Checking gproc_registry_handler
Checking nprocreg_registry_handler
Checking process_registry_handler
Checking default_query_handler
Checking query_handler
Checking default_role_handler
Checking role_handler
Checking dynamic_route_handler
Checking file_not_found_page
Checking named_route_handler
Checking nitrogen_rest
Checking nitrogen_smart_extensions
Checking passthrough_route_handler
Checking route_handler
Checking default_security_handler
Checking http_basic_auth_security_handler
Checking security_handler
Checking canister_session_handler
Checking session_handler
Checking simple_session_handler
Checking default_state_handler
Checking state_handler
Checking default_websocket_handler
Checking websocket_handler
Checking nitro_mochijson2
Checking nitro_mochinum
Checking wf_action_queue
Checking wf_context
Checking wf_convert
Checking wf_cookies
Checking wf_event
Checking wf_fastmap
Checking wf_fastmap_worker
Checking wf_grid_system
Checking wf_handler
Checking wf_pandoc
Checking wf_pickle
Checking wf_render_actions
Checking wf_render_elements
Checking wf_security_policy
Checking wf_tags
Checking wf_test
Checking wf_test_srv
Checking wf_utils
Checking wf_validation
Checking nitrogen
Checking nitrogen_dev
Checking validator_confirm_password
Checking validator_confirm_same
Checking validator_custom
Checking validator_is_email
Checking validator_is_integer
Checking validator_is_number
Checking validator_is_required
Checking validator_js_custom
Checking validator_max_length
Checking validator_min_length
Checking wf
Checking wf_core
Checking nprocreg
Checking nprocreg_app
Checking nprocreg_sup
Checking qdate
Checking qdate_app
Checking qdate_srv
Checking qdate_sup
Checking ranch
Checking ranch_acceptor
Checking ranch_acceptors_sup
Checking ranch_app
Checking ranch_conns_sup
Checking ranch_crc32c
Checking ranch_listener_sup
Checking ranch_protocol
Checking ranch_proxy_header
Checking ranch_server
Checking ranch_ssl
Checking ranch_sup
Checking ranch_tcp
Checking ranch_transport
Checking cowboy_request_server
Checking cowboy_simple_bridge
Checking cowboy_simple_bridge_anchor
Checking cowboy_simple_bridge_sup
Checking inets_simple_bridge
Checking inets_simple_bridge_anchor
Checking inets_simple_bridge_sup
Checking mochiweb_simple_bridge
Checking mochiweb_simple_bridge_anchor
Checking mochiweb_simple_bridge_sup
Checking sb_file_upload_handler
Checking sb_uploaded_file
Checking sbw
Checking simple_bridge
Checking simple_bridge_app
Checking simple_bridge_handler
Checking simple_bridge_handler_sample
Checking simple_bridge_multipart
Checking simple_bridge_util
Checking simple_bridge_websocket
Checking webmachine_simple_bridge
Checking webmachine_simple_bridge_anchor
Checking webmachine_simple_bridge_static
Checking webmachine_simple_bridge_sup
Checking yaws_simple_bridge
Checking yaws_simple_bridge_anchor
Checking yaws_simple_bridge_sup
Checking sync
Checking sync_notify
Checking sync_options
Checking sync_scanner
Checking sync_utils
Checking index
/home/beta/FRAMES/nnote/site/src/index.erl
Checking mobile
Checking nitrogen_app
Checking nitrogen_main_handler
Checking nitrogen_sup
Checking default_log_handler
Checking action_animate
Checking route_handler
Checking element_sortitem
Checking webmachine_simple_bridge_static
Checking validator_min_length
Checking action_toggle_mobile_panel
Checking element_basic_tag
Checking element_upload
Checking element_draggable
Checking element_mobile_listitem
Checking action_jquery_effect
Checking nitrogen_rest
Checking validator_is_number
Checking wf_render_actions
Checking websocket_handler
Checking dynamic_route_handler
Checking webmachine_simple_bridge
Checking mochiweb_simple_bridge
Checking element_youtube
Checking canister_session_handler
Checking action_js_fun
Checking element_radio
Checking cowboy_simple_bridge_sup
Checking wf_tags
Checking element_restful_upload
Checking element_mobile_toggle
Checking element_progress_bar
Checking action_if_value
Checking postback_handler
Checking element_br
Checking element_icon
Checking wf_handler
Checking simple_bridge_multipart
Checking element_mobile_panel
Checking element_bind
Checking inets_simple_bridge
Checking simple_session_handler
Checking action_validation_error
Checking action_clear_validation
Checking process_registry_handler
Checking element_textarea
Checking action_before_postback
Checking element_textbox
Checking element_value
Checking action_event
Checking element_dropdown
Checking wf_pickle
Checking element_mobile_grid_block
Checking security_handler
Checking gproc_registry_handler
Checking wf_validation
Checking mochiweb_simple_bridge_anchor
Checking element_calendar
Checking default_state_handler
Checking element_inplace_textarea
Checking cache_handler
Checking wf_event
Checking action_hide
Checking action_enable
Checking element_range
Checking session_handler
Checking action_toggle
Checking action_validate
Checking state_handler
Checking wf_test
Checking action_redirect
Checking action_toggle_option
Checking action_if_checked
Checking element_recaptcha
Checking element_delay_body
Checking wf_context
Checking default_crash_handler
Checking cowboy_request_server
Checking element_google_chart
Checking action_remove_class
Checking element_listitem
Checking identity_handler
Checking validator_confirm_password
Checking element_hidden
Checking default_config_handler
Checking role_handler
Checking yaws_simple_bridge
Checking element_button
Checking action_slide_down
Checking element_checkbox
Checking element_gravatar
Checking element_sync_panel
Checking index
Checking action_click
Checking element_radiogroup
Checking http_basic_auth_security_handler
Checking action_make_writable
Checking wf_fastmap
Checking element_grid_960
Checking action_continue
Checking sbw
Checking nitro_cache
Checking validator_confirm_same
Checking file_not_found_page
Checking wf_test_srv
Checking wf_security_policy
Checking element_date_dropdown
Checking element_wizard
Checking validator_is_integer
Checking validator_custom
Checking nitro_cache_expirer
Checking element_tableheader
Checking element_mobile_collapsible
Checking element_grid
Checking element_spinner
Checking wf_utils
Checking element_hr
Checking element_link
Checking action_remove_option
Checking element_datepicker_textbox
Checking element_file
Checking mobile
Checking element_time
Checking action_effect
Checking element_mobile_list
Checking wf_cookies
Checking log_handler
Checking element_mobile_collapsible_set
Checking element_image
Checking validator_is_required
Checking default_websocket_handler
Checking action_api
Checking element_mobile_list_divider
Checking wf_action_queue
Checking action_confirm
Checking action_set_cookie
Checking simple_bridge
Checking default_cache_handler
Checking simple_bridge_handler
Checking action_set_multiple
Checking action_function
Checking named_route_handler
Checking element_template
Checking action_wire
Checking query_handler
Checking action_buttonize
Checking wf_pandoc
Checking element_placeholder
Checking debug_crash_handler
Checking default_postback_handler
Checking config_handler
Checking passthrough_route_handler
Checking element_flash
Checking action_disable_selection
Checking element_list
Checking validator_max_length
Checking validator_js_custom
Checking simple_bridge_util
Checking element_table
Checking action_open_window
Checking cowboy_simple_bridge
Checking element_tablerow
Checking action_set
Checking action_alert
Checking action_make_readonly
Checking sb_uploaded_file
Checking element_lightbox
Checking element_singlerow
Checking action_script
Checking nprocreg_registry_handler
Checking element_restful_reset
Checking element_textbox_autocomplete
Checking element_qr
Checking wf_convert
Checking element_restful_form
Checking action_fade
Checking element_literal
Checking element_mobile_grid
Checking action_add_class
Checking element_inplace
Checking action_console_log
Checking simple_bridge_websocket
Checking element_mermaid
Checking default_query_handler
Checking nprocreg
Checking element_password
Checking element_function
Checking wf
Checking action_comet
Checking action_disable
Checking action_appear
Checking element_iframe
Checking element_fieldset
Checking action_add_option
Checking element_email_link
Checking validator_is_email
Checking element_sparkline
Checking wf_core
Checking element_droppable
Checking action_update
Checking action_slide_up
Checking element_restful_submit
Checking default_security_handler
Checking element_video
Checking webmachine_simple_bridge_anchor
Checking wf_render_elements
Checking element_sortblock
Checking element_inplace_textbox
Checking action_show
Checking element_tablecell
Checking crash_handler
Checking element_label
Checking rekt
Checking cowboy_http
Checking cow_http
Checking cow_http_hd
Checking cow_http_te
Checking cow_multipart
Checking cow_base64url
Checking cow_cookie
Checking cow_date
Checking cow_hpack
Checking cow_http
Checking cow_http2
Checking cow_http2_machine
Checking cow_http_hd
Checking cow_http_te
Checking cow_iolists
Checking cow_mimetypes
Checking cow_multipart
Checking cow_qs
Checking cow_spdy
Checking cow_sse
Checking cow_uri
Checking cow_ws
/home/beta/FRAMES/nnote/site/src/index.erl
Checking n_menus
/home/beta/FRAMES/nnote/site/src/n_libs/n_menus.erl
Checking cowboy
Checking cowboy_app
Checking cowboy_bstr
Checking cowboy_children
Checking cowboy_clear
Checking cowboy_clock
Checking cowboy_compress_h
Checking cowboy_constraints
Checking cowboy_handler
Checking cowboy_http
Checking cowboy_http2
Checking cowboy_loop
Checking cowboy_metrics_h
Checking cowboy_middleware
Checking cowboy_req
Checking cowboy_rest
Checking cowboy_router
Checking cowboy_static
Checking cowboy_stream
Checking cowboy_stream_h
Checking cowboy_sub_protocol
Checking cowboy_sup
Checking cowboy_tls
Checking cowboy_tracer_h
Checking cowboy_websocket
Checking cow_base64url
Checking cow_cookie
Checking cow_date
Checking cow_hpack
Checking cow_http
Checking cow_http2
Checking cow_http2_machine
Checking cow_http_hd
Checking cow_http_te
Checking cow_iolists
Checking cow_mimetypes
Checking cow_multipart
Checking cow_qs
Checking cow_spdy
Checking cow_sse
Checking cow_uri
Checking cow_ws
Checking mutagen
Checking mutagen_app
Checking mutagen_sup
Checking nitro_cache
Checking nitro_cache_app
Checking nitro_cache_expirer
Checking nitro_cache_sup
Checking action_add_class
Checking action_add_option
Checking action_alert
Checking action_animate
Checking action_api
Checking action_appear
Checking action_before_postback
Checking action_buttonize
Checking action_clear_validation
Checking action_click
Checking action_comet
Checking action_confirm
Checking action_console_log
Checking action_continue
Checking action_disable
Checking action_disable_selection
Checking action_effect
Checking action_enable
Checking action_event
Checking action_fade
Checking action_function
Checking action_hide
Checking action_if_checked
Checking action_if_value
Checking action_jquery_effect
Checking action_js_fun
Checking action_make_readonly
Checking action_make_writable
Checking action_open_window
Checking action_redirect
Checking action_remove_class
Checking action_remove_option
Checking action_script
Checking action_set
Checking action_set_cookie
Checking action_set_multiple
Checking action_show
Checking action_slide_down
Checking action_slide_up
Checking action_toggle
Checking action_toggle_mobile_panel
Checking action_toggle_option
Checking action_update
Checking action_validate
Checking action_validation_error
Checking action_wire
Checking element_button
Checking element_checkbox
Checking element_date_dropdown
Checking element_datepicker_textbox
Checking element_dropdown
Checking element_hidden
Checking element_inplace
Checking element_inplace_textarea
Checking element_inplace_textbox
Checking element_label
Checking element_password
Checking element_radio
Checking element_radiogroup
Checking element_range
Checking element_restful_form
Checking element_restful_reset
Checking element_restful_submit
Checking element_restful_upload
Checking element_textarea
Checking element_textbox
Checking element_textbox_autocomplete
Checking element_upload
Checking element_wizard
Checking element_basic_tag
Checking element_br
Checking element_email_link
Checking element_hr
Checking element_image
Checking element_link
Checking element_list
Checking element_listitem
Checking element_literal
Checking element_time
Checking element_value
Checking element_fieldset
Checking element_grid
Checking element_grid_960
Checking element_lightbox
Checking element_placeholder
Checking element_template
Checking element_mobile_collapsible
Checking element_mobile_collapsible_set
Checking element_mobile_grid
Checking element_mobile_grid_block
Checking element_mobile_list
Checking element_mobile_list_divider
Checking element_mobile_listitem
Checking element_mobile_panel
Checking element_mobile_toggle
Checking element_bind
Checking element_calendar
Checking element_delay_body
Checking element_draggable
Checking element_droppable
Checking element_file
Checking element_flash
Checking element_function
Checking element_google_chart
Checking element_gravatar
Checking element_icon
Checking element_iframe
Checking element_mermaid
Checking element_progress_bar
Checking element_qr
Checking element_recaptcha
Checking element_sortblock
Checking element_sortitem
Checking element_sparkline
Checking element_spinner
Checking element_sync_panel
Checking element_video
Checking element_youtube
Checking element_singlerow
Checking element_table
Checking element_tablecell
Checking element_tableheader
Checking element_tablerow
Checking cache_handler
Checking default_cache_handler
Checking config_handler
Checking default_config_handler
Checking crash_handler
Checking debug_crash_handler
Checking default_crash_handler
Checking default_identity_handler
Checking identity_handler
Checking default_log_handler
Checking log_handler
Checking default_postback_handler
Checking postback_handler
Checking gproc_registry_handler
Checking nprocreg_registry_handler
Checking process_registry_handler
Checking default_query_handler
Checking query_handler
Checking default_role_handler
Checking role_handler
Checking dynamic_route_handler
Checking file_not_found_page
Checking named_route_handler
Checking nitrogen_rest
Checking nitrogen_smart_extensions
Checking passthrough_route_handler
Checking route_handler
Checking default_security_handler
Checking http_basic_auth_security_handler
Checking security_handler
Checking canister_session_handler
Checking session_handler
Checking simple_session_handler
Checking default_state_handler
Checking state_handler
Checking default_websocket_handler
Checking websocket_handler
Checking nitro_mochijson2
Checking nitro_mochinum
Checking wf_action_queue
Checking wf_context
Checking wf_convert
Checking wf_cookies
Checking wf_event
Checking wf_fastmap
Checking wf_fastmap_worker
Checking wf_grid_system
Checking wf_handler
Checking wf_pandoc
Checking wf_pickle
Checking wf_render_actions
Checking wf_render_elements
Checking wf_security_policy
Checking wf_tags
Checking wf_test
Checking wf_test_srv
Checking wf_utils
Checking wf_validation
Checking nitrogen
Checking nitrogen_dev
Checking validator_confirm_password
Checking validator_confirm_same
Checking validator_custom
Checking validator_is_email
Checking validator_is_integer
Checking validator_is_number
Checking validator_is_required
Checking validator_js_custom
Checking validator_max_length
Checking validator_min_length
Checking wf
Checking wf_core
Checking nprocreg
Checking nprocreg_app
Checking nprocreg_sup
Checking qdate
Checking qdate_app
Checking qdate_srv
Checking qdate_sup
Checking ranch
Checking ranch_acceptor
Checking ranch_acceptors_sup
Checking ranch_app
Checking ranch_conns_sup
Checking ranch_crc32c
Checking ranch_listener_sup
Checking ranch_protocol
Checking ranch_proxy_header
Checking ranch_server
Checking ranch_ssl
Checking ranch_sup
Checking ranch_tcp
Checking ranch_transport
Checking rekt
Checking cowboy_request_server
Checking cowboy_simple_bridge
Checking cowboy_simple_bridge_anchor
Checking cowboy_simple_bridge_sup
Checking inets_simple_bridge
Checking inets_simple_bridge_anchor
Checking inets_simple_bridge_sup
Checking mochiweb_simple_bridge
Checking mochiweb_simple_bridge_anchor
Checking mochiweb_simple_bridge_sup
Checking sb_file_upload_handler
Checking sb_uploaded_file
Checking sbw
Checking simple_bridge
Checking simple_bridge_app
Checking simple_bridge_handler
Checking simple_bridge_handler_sample
Checking simple_bridge_multipart
Checking simple_bridge_util
Checking simple_bridge_websocket
Checking webmachine_simple_bridge
Checking webmachine_simple_bridge_anchor
Checking webmachine_simple_bridge_static
Checking webmachine_simple_bridge_sup
Checking yaws_simple_bridge
Checking yaws_simple_bridge_anchor
Checking yaws_simple_bridge_sup
Checking sync
Checking sync_notify
Checking sync_options
Checking sync_scanner
Checking sync_utils
Checking index
Checking mobile
Checking n_menus
/home/beta/FRAMES/nnote/site/src/n_libs/n_menus.erl
Checking cowboy
Checking cowboy_app
Checking cowboy_bstr
Checking cowboy_children
Checking cowboy_clear
Checking cowboy_clock
Checking cowboy_compress_h
Checking cowboy_constraints
Checking cowboy_handler
Checking cowboy_http
Checking cowboy_http2
Checking cowboy_loop
Checking cowboy_metrics_h
Checking cowboy_middleware
Checking cowboy_req
Checking cowboy_rest
Checking cowboy_router
Checking cowboy_static
Checking cowboy_stream
Checking cowboy_stream_h
Checking cowboy_sub_protocol
Checking cowboy_sup
Checking cowboy_tls
Checking cowboy_tracer_h
Checking cowboy_websocket
Checking cow_base64url
Checking cow_cookie
Checking cow_date
Checking cow_hpack
Checking cow_http
Checking cow_http2
Checking cow_http2_machine
Checking cow_http_hd
Checking cow_http_te
Checking cow_iolists
Checking cow_mimetypes
Checking cow_multipart
Checking cow_qs
Checking cow_spdy
Checking cow_sse
Checking cow_uri
Checking cow_ws
Checking mutagen
Checking mutagen_app
Checking mutagen_sup
Checking nitro_cache
Checking nitro_cache_app
Checking nitro_cache_expirer
Checking nitro_cache_sup
Checking action_add_class
Checking action_add_option
Checking action_alert
Checking action_animate
Checking action_api
Checking action_appear
Checking action_before_postback
Checking action_buttonize
Checking action_clear_validation
Checking action_click
Checking action_comet
Checking action_confirm
Checking action_console_log
Checking action_continue
Checking action_disable
Checking action_disable_selection
Checking action_effect
Checking action_enable
Checking action_event
Checking action_fade
Checking action_function
Checking action_hide
Checking action_if_checked
Checking action_if_value
Checking action_jquery_effect
Checking action_js_fun
Checking action_make_readonly
Checking action_make_writable
Checking action_open_window
Checking action_redirect
Checking action_remove_class
Checking action_remove_option
Checking action_script
Checking action_set
Checking action_set_cookie
Checking action_set_multiple
Checking action_show
Checking action_slide_down
Checking action_slide_up
Checking action_toggle
Checking action_toggle_mobile_panel
Checking action_toggle_option
Checking action_update
Checking action_validate
Checking action_validation_error
Checking action_wire
Checking element_button
Checking element_checkbox
Checking element_date_dropdown
Checking element_datepicker_textbox
Checking element_dropdown
Checking element_hidden
Checking element_inplace
Checking element_inplace_textarea
Checking element_inplace_textbox
Checking element_label
Checking element_password
Checking element_radio
Checking element_radiogroup
Checking element_range
Checking element_restful_form
Checking element_restful_reset
Checking element_restful_submit
Checking element_restful_upload
Checking element_textarea
Checking element_textbox
Checking element_textbox_autocomplete
Checking element_upload
Checking element_wizard
Checking element_basic_tag
Checking element_br
Checking element_email_link
Checking element_hr
Checking element_image
Checking element_link
Checking element_list
Checking element_listitem
Checking element_literal
Checking element_time
Checking element_value
Checking element_fieldset
Checking element_grid
Checking element_grid_960
Checking element_lightbox
Checking element_placeholder
Checking element_template
Checking element_mobile_collapsible
Checking element_mobile_collapsible_set
Checking element_mobile_grid
Checking element_mobile_grid_block
Checking element_mobile_list
Checking element_mobile_list_divider
Checking element_mobile_listitem
Checking element_mobile_panel
Checking element_mobile_toggle
Checking element_bind
Checking element_calendar
Checking element_delay_body
Checking element_draggable
Checking element_droppable
Checking element_file
Checking element_flash
Checking element_function
Checking element_google_chart
Checking element_gravatar
Checking element_icon
Checking element_iframe
Checking element_mermaid
Checking element_progress_bar
Checking element_qr
Checking element_recaptcha
Checking element_sortblock
Checking element_sortitem
Checking element_sparkline
Checking element_spinner
Checking element_sync_panel
Checking element_video
Checking element_youtube
Checking element_singlerow
Checking element_table
Checking element_tablecell
Checking element_tableheader
Checking element_tablerow
Checking cache_handler
Checking default_cache_handler
Checking config_handler
Checking default_config_handler
Checking crash_handler
Checking debug_crash_handler
Checking default_crash_handler
Checking default_identity_handler
Checking identity_handler
Checking default_log_handler
Checking log_handler
Checking default_postback_handler
Checking postback_handler
Checking gproc_registry_handler
Checking nprocreg_registry_handler
Checking process_registry_handler
Checking default_query_handler
Checking query_handler
Checking default_role_handler
Checking role_handler
Checking dynamic_route_handler
Checking file_not_found_page
Checking named_route_handler
Checking nitrogen_rest
Checking nitrogen_smart_extensions
Checking passthrough_route_handler
Checking route_handler
Checking default_security_handler
Checking http_basic_auth_security_handler
Checking security_handler
Checking canister_session_handler
Checking session_handler
Checking simple_session_handler
Checking default_state_handler
Checking state_handler
Checking default_websocket_handler
Checking websocket_handler
Checking nitro_mochijson2
Checking nitro_mochinum
Checking wf_action_queue
Checking wf_context
Checking wf_convert
Checking wf_cookies
Checking wf_event
Checking wf_fastmap
Checking wf_fastmap_worker
Checking wf_grid_system
Checking wf_handler
Checking wf_pandoc
Checking wf_pickle
Checking wf_render_actions
Checking wf_render_elements
Checking wf_security_policy
Checking wf_tags
Checking wf_test
Checking wf_test_srv
Checking wf_utils
Checking wf_validation
Checking nitrogen
Checking nitrogen_dev
Checking validator_confirm_password
Checking validator_confirm_same
Checking validator_custom
Checking validator_is_email
Checking validator_is_integer
Checking validator_is_number
Checking validator_is_required
Checking validator_js_custom
Checking validator_max_length
Checking validator_min_length
Checking wf
Checking wf_core
Checking nprocreg
Checking nprocreg_app
Checking nprocreg_sup
Checking qdate
Checking qdate_app
Checking qdate_srv
Checking qdate_sup
Checking ranch
Checking ranch_acceptor
Checking ranch_acceptors_sup
Checking ranch_app
Checking ranch_conns_sup
Checking ranch_crc32c
Checking ranch_listener_sup
Checking ranch_protocol
Checking ranch_proxy_header
Checking ranch_server
Checking ranch_ssl
Checking ranch_sup
Checking ranch_tcp
Checking ranch_transport
Checking rekt
Checking cowboy_request_server
Checking cowboy_simple_bridge
Checking cowboy_simple_bridge_anchor
Checking cowboy_simple_bridge_sup
Checking inets_simple_bridge
Checking inets_simple_bridge_anchor
Checking inets_simple_bridge_sup
Checking mochiweb_simple_bridge
Checking mochiweb_simple_bridge_anchor
Checking mochiweb_simple_bridge_sup
Checking sb_file_upload_handler
Checking sb_uploaded_file
Checking sbw
Checking simple_bridge
Checking simple_bridge_app
Checking simple_bridge_handler
Checking simple_bridge_handler_sample
Checking simple_bridge_multipart
Checking simple_bridge_util
Checking simple_bridge_websocket
Checking webmachine_simple_bridge
Checking webmachine_simple_bridge_anchor
Checking webmachine_simple_bridge_static
Checking webmachine_simple_bridge_sup
Checking yaws_simple_bridge
Checking yaws_simple_bridge_anchor
Checking yaws_simple_bridge_sup
Checking sync
Checking sync_notify
Checking sync_options
Checking sync_scanner
Checking sync_utils
Checking index
Checking mobile
Checking n_menus
/home/beta/FRAMES/nnote/site/src/n_libs/n_menus.erl
Checking cowboy
Checking cowboy_app
Checking cowboy_bstr
Checking cowboy_children
Checking cowboy_clear
Checking cowboy_clock
Checking cowboy_compress_h
Checking cowboy_constraints
Checking cowboy_handler
Checking cowboy_http
Checking cowboy_http2
Checking cowboy_loop
Checking cowboy_metrics_h
Checking cowboy_middleware
Checking cowboy_req
Checking cowboy_rest
Checking cowboy_router
Checking cowboy_static
Checking cowboy_stream
Checking cowboy_stream_h
Checking cowboy_sub_protocol
Checking cowboy_sup
Checking cowboy_tls
Checking cowboy_tracer_h
Checking cowboy_websocket
Checking cow_base64url
Checking cow_cookie
Checking cow_date
Checking cow_hpack
Checking cow_http
Checking cow_http2
Checking cow_http2_machine
Checking cow_http_hd
Checking cow_http_te
Checking cow_iolists
Checking cow_mimetypes
Checking cow_multipart
Checking cow_qs
Checking cow_spdy
Checking cow_sse
Checking cow_uri
Checking cow_ws
Checking mutagen
Checking mutagen_app
Checking mutagen_sup
Checking nitro_cache
Checking nitro_cache_app
Checking nitro_cache_expirer
Checking nitro_cache_sup
Checking action_add_class
Checking action_add_option
Checking action_alert
Checking action_animate
Checking action_api
Checking action_appear
Checking action_before_postback
Checking action_buttonize
Checking action_clear_validation
Checking action_click
Checking action_comet
Checking action_confirm
Checking action_console_log
Checking action_continue
Checking action_disable
Checking action_disable_selection
Checking action_effect
Checking action_enable
Checking action_event
Checking action_fade
Checking action_function
Checking action_hide
Checking action_if_checked
Checking action_if_value
Checking action_jquery_effect
Checking action_js_fun
Checking action_make_readonly
Checking action_make_writable
Checking action_open_window
Checking action_redirect
Checking action_remove_class
Checking action_remove_option
Checking action_script
Checking action_set
Checking action_set_cookie
Checking action_set_multiple
Checking action_show
Checking action_slide_down
Checking action_slide_up
Checking action_toggle
Checking action_toggle_mobile_panel
Checking action_toggle_option
Checking action_update
Checking action_validate
Checking action_validation_error
Checking action_wire
Checking element_button
Checking element_checkbox
Checking element_date_dropdown
Checking element_datepicker_textbox
Checking element_dropdown
Checking element_hidden
Checking element_inplace
Checking element_inplace_textarea
Checking element_inplace_textbox
Checking element_label
Checking element_password
Checking element_radio
Checking element_radiogroup
Checking element_range
Checking element_restful_form
Checking element_restful_reset
Checking element_restful_submit
Checking element_restful_upload
Checking element_textarea
Checking element_textbox
Checking element_textbox_autocomplete
Checking element_upload
Checking element_wizard
Checking element_basic_tag
Checking element_br
Checking element_email_link
Checking element_hr
Checking element_image
Checking element_link
Checking element_list
Checking element_listitem
Checking element_literal
Checking element_time
Checking element_value
Checking element_fieldset
Checking element_grid
Checking element_grid_960
Checking element_lightbox
Checking element_placeholder
Checking element_template
Checking element_mobile_collapsible
Checking element_mobile_collapsible_set
Checking element_mobile_grid
Checking element_mobile_grid_block
Checking element_mobile_list
Checking element_mobile_list_divider
Checking element_mobile_listitem
Checking element_mobile_panel
Checking element_mobile_toggle
Checking element_bind
Checking element_calendar
Checking element_delay_body
Checking element_draggable
Checking element_droppable
Checking element_file
Checking element_flash
Checking element_function
Checking element_google_chart
Checking element_gravatar
Checking element_icon
Checking element_iframe
Checking element_mermaid
Checking element_progress_bar
Checking element_qr
Checking element_recaptcha
Checking element_sortblock
Checking element_sortitem
Checking element_sparkline
Checking element_spinner
Checking element_sync_panel
Checking element_video
Checking element_youtube
Checking element_singlerow
Checking element_table
Checking element_tablecell
Checking element_tableheader
Checking element_tablerow
Checking cache_handler
Checking default_cache_handler
Checking config_handler
Checking default_config_handler
Checking crash_handler
Checking debug_crash_handler
Checking default_crash_handler
Checking default_identity_handler
Checking identity_handler
Checking default_log_handler
Checking log_handler
Checking default_postback_handler
Checking postback_handler
Checking gproc_registry_handler
Checking nprocreg_registry_handler
Checking process_registry_handler
Checking default_query_handler
Checking query_handler
Checking default_role_handler
Checking role_handler
Checking dynamic_route_handler
Checking file_not_found_page
Checking named_route_handler
Checking nitrogen_rest
Checking nitrogen_smart_extensions
Checking passthrough_route_handler
Checking route_handler
Checking default_security_handler
Checking http_basic_auth_security_handler
Checking security_handler
Checking canister_session_handler
Checking session_handler
Checking simple_session_handler
Checking default_state_handler
Checking state_handler
Checking default_websocket_handler
Checking websocket_handler
Checking nitro_mochijson2
Checking nitro_mochinum
Checking wf_action_queue
Checking wf_context
Checking wf_convert
Checking wf_cookies
Checking wf_event
Checking wf_fastmap
Checking wf_fastmap_worker
Checking wf_grid_system
Checking wf_handler
Checking wf_pandoc
Checking wf_pickle
Checking wf_render_actions
Checking wf_render_elements
Checking wf_security_policy
Checking wf_tags
Checking wf_test
Checking wf_test_srv
Checking wf_utils
Checking wf_validation
Checking nitrogen
Checking nitrogen_dev
Checking validator_confirm_password
Checking validator_confirm_same
Checking validator_custom
Checking validator_is_email
Checking validator_is_integer
Checking validator_is_number
Checking validator_is_required
Checking validator_js_custom
Checking validator_max_length
Checking validator_min_length
Checking wf
Checking wf_core
Checking nprocreg
Checking nprocreg_app
Checking nprocreg_sup
Checking qdate
Checking qdate_app
Checking qdate_srv
Checking qdate_sup
Checking ranch
Checking ranch_acceptor
Checking ranch_acceptors_sup
Checking ranch_app
Checking ranch_conns_sup
Checking ranch_crc32c
Checking ranch_listener_sup
Checking ranch_protocol
Checking ranch_proxy_header
Checking ranch_server
Checking ranch_ssl
Checking ranch_sup
Checking ranch_tcp
Checking ranch_transport
Checking rekt
Checking cowboy_request_server
Checking cowboy_simple_bridge
Checking cowboy_simple_bridge_anchor
Checking cowboy_simple_bridge_sup
Checking inets_simple_bridge
Checking inets_simple_bridge_anchor
Checking inets_simple_bridge_sup
Checking mochiweb_simple_bridge
Checking mochiweb_simple_bridge_anchor
Checking mochiweb_simple_bridge_sup
Checking sb_file_upload_handler
Checking sb_uploaded_file
Checking sbw
Checking simple_bridge
Checking simple_bridge_app
Checking simple_bridge_handler
Checking simple_bridge_handler_sample
Checking simple_bridge_multipart
Checking simple_bridge_util
Checking simple_bridge_websocket
Checking webmachine_simple_bridge
Checking webmachine_simple_bridge_anchor
Checking webmachine_simple_bridge_static
Checking webmachine_simple_bridge_sup
Checking yaws_simple_bridge
Checking yaws_simple_bridge_anchor
Checking yaws_simple_bridge_sup
Checking sync
Checking sync_notify
Checking sync_options
Checking sync_scanner
Checking sync_utils
Checking index
Checking mobile
Checking n_menus
/home/beta/FRAMES/nnote/site/src/n_libs/n_menus.erl
Checking cowboy
Checking cowboy_app
Checking cowboy_bstr
Checking cowboy_children
Checking cowboy_clear
Checking cowboy_clock
Checking cowboy_compress_h
Checking cowboy_constraints
Checking cowboy_handler
Checking cowboy_http
Checking cowboy_http2
Checking cowboy_loop
Checking cowboy_metrics_h
Checking cowboy_middleware
Checking cowboy_req
Checking cowboy_rest
Checking cowboy_router
Checking cowboy_static
Checking cowboy_stream
Checking cowboy_stream_h
Checking cowboy_sub_protocol
Checking cowboy_sup
Checking cowboy_tls
Checking cowboy_tracer_h
Checking cowboy_websocket
Checking cow_base64url
Checking cow_cookie
Checking cow_date
Checking cow_hpack
Checking cow_http
Checking cow_http2
Checking cow_http2_machine
Checking cow_http_hd
Checking cow_http_te
Checking cow_iolists
Checking cow_mimetypes
Checking cow_multipart
Checking cow_qs
Checking cow_spdy
Checking cow_sse
Checking cow_uri
Checking cow_ws
Checking mutagen
Checking mutagen_app
Checking mutagen_sup
Checking nitro_cache
Checking nitro_cache_app
Checking nitro_cache_expirer
Checking nitro_cache_sup
Checking action_add_class
Checking action_add_option
Checking action_alert
Checking action_animate
Checking action_api
Checking action_appear
Checking action_before_postback
Checking action_buttonize
Checking action_clear_validation
Checking action_click
Checking action_comet
Checking action_confirm
Checking action_console_log
Checking action_continue
Checking action_disable
Checking action_disable_selection
Checking action_effect
Checking action_enable
Checking action_event
Checking action_fade
Checking action_function
Checking action_hide
Checking action_if_checked
Checking action_if_value
Checking action_jquery_effect
Checking action_js_fun
Checking action_make_readonly
Checking action_make_writable
Checking action_open_window
Checking action_redirect
Checking action_remove_class
Checking action_remove_option
Checking action_script
Checking action_set
Checking action_set_cookie
Checking action_set_multiple
Checking action_show
Checking action_slide_down
Checking action_slide_up
Checking action_toggle
Checking action_toggle_mobile_panel
Checking action_toggle_option
Checking action_update
Checking action_validate
Checking action_validation_error
Checking action_wire
Checking element_button
Checking element_checkbox
Checking element_date_dropdown
Checking element_datepicker_textbox
Checking element_dropdown
Checking element_hidden
Checking element_inplace
Checking element_inplace_textarea
Checking element_inplace_textbox
Checking element_label
Checking element_password
Checking element_radio
Checking element_radiogroup
Checking element_range
Checking element_restful_form
Checking element_restful_reset
Checking element_restful_submit
Checking element_restful_upload
Checking element_textarea
Checking element_textbox
Checking element_textbox_autocomplete
Checking element_upload
Checking element_wizard
Checking element_basic_tag
Checking element_br
Checking element_email_link
Checking element_hr
Checking element_image
Checking element_link
Checking element_list
Checking element_listitem
Checking element_literal
Checking element_time
Checking element_value
Checking element_fieldset
Checking element_grid
Checking element_grid_960
Checking element_lightbox
Checking element_placeholder
Checking element_template
Checking element_mobile_collapsible
Checking element_mobile_collapsible_set
Checking element_mobile_grid
Checking element_mobile_grid_block
Checking element_mobile_list
Checking element_mobile_list_divider
Checking element_mobile_listitem
Checking element_mobile_panel
Checking element_mobile_toggle
Checking element_bind
Checking element_calendar
Checking element_delay_body
Checking element_draggable
Checking element_droppable
Checking element_file
Checking element_flash
Checking element_function
Checking element_google_chart
Checking element_gravatar
Checking element_icon
Checking element_iframe
Checking element_mermaid
Checking element_progress_bar
Checking element_qr
Checking element_recaptcha
Checking element_sortblock
Checking element_sortitem
Checking element_sparkline
Checking element_spinner
Checking element_sync_panel
Checking element_video
Checking element_youtube
Checking element_singlerow
Checking element_table
Checking element_tablecell
Checking element_tableheader
Checking element_tablerow
Checking cache_handler
Checking default_cache_handler
Checking config_handler
Checking default_config_handler
Checking crash_handler
Checking debug_crash_handler
Checking default_crash_handler
Checking default_identity_handler
Checking identity_handler
Checking default_log_handler
Checking log_handler
Checking default_postback_handler
Checking postback_handler
Checking gproc_registry_handler
Checking nprocreg_registry_handler
Checking process_registry_handler
Checking default_query_handler
Checking query_handler
Checking default_role_handler
Checking role_handler
Checking dynamic_route_handler
Checking file_not_found_page
Checking named_route_handler
Checking nitrogen_rest
Checking nitrogen_smart_extensions
Checking passthrough_route_handler
Checking route_handler
Checking default_security_handler
Checking http_basic_auth_security_handler
Checking security_handler
Checking canister_session_handler
Checking session_handler
Checking simple_session_handler
Checking default_state_handler
Checking state_handler
Checking default_websocket_handler
Checking websocket_handler
Checking nitro_mochijson2
Checking nitro_mochinum
Checking wf_action_queue
Checking wf_context
Checking wf_convert
Checking wf_cookies
Checking wf_event
Checking wf_fastmap
Checking wf_fastmap_worker
Checking wf_grid_system
Checking wf_handler
Checking wf_pandoc
Checking wf_pickle
Checking wf_render_actions
Checking wf_render_elements
Checking wf_security_policy
Checking wf_tags
Checking wf_test
Checking wf_test_srv
Checking wf_utils
Checking wf_validation
Checking nitrogen
Checking nitrogen_dev
Checking validator_confirm_password
Checking validator_confirm_same
Checking validator_custom
Checking validator_is_email
Checking validator_is_integer
Checking validator_is_number
Checking validator_is_required
Checking validator_js_custom
Checking validator_max_length
Checking validator_min_length
Checking wf
Checking wf_core
Checking nprocreg
Checking nprocreg_app
Checking nprocreg_sup
Checking qdate
Checking qdate_app
Checking qdate_srv
Checking qdate_sup
Checking ranch
Checking ranch_acceptor
Checking ranch_acceptors_sup
Checking ranch_app
Checking ranch_conns_sup
Checking ranch_crc32c
Checking ranch_listener_sup
Checking ranch_protocol
Checking ranch_proxy_header
Checking ranch_server
Checking ranch_ssl
Checking ranch_sup
Checking ranch_tcp
Checking ranch_transport
Checking rekt
Checking cowboy_request_server
Checking cowboy_simple_bridge
Checking cowboy_simple_bridge_anchor
Checking cowboy_simple_bridge_sup
Checking inets_simple_bridge
Checking inets_simple_bridge_anchor
Checking inets_simple_bridge_sup
Checking mochiweb_simple_bridge
Checking mochiweb_simple_bridge_anchor
Checking mochiweb_simple_bridge_sup
Checking sb_file_upload_handler
Checking sb_uploaded_file
Checking sbw
Checking simple_bridge
Checking simple_bridge_app
Checking simple_bridge_handler
Checking simple_bridge_handler_sample
Checking simple_bridge_multipart
Checking simple_bridge_util
Checking simple_bridge_websocket
Checking webmachine_simple_bridge
Checking webmachine_simple_bridge_anchor
Checking webmachine_simple_bridge_static
Checking webmachine_simple_bridge_sup
Checking yaws_simple_bridge
Checking yaws_simple_bridge_anchor
Checking yaws_simple_bridge_sup
Checking sync
Checking sync_notify
Checking sync_options
Checking sync_scanner
Checking sync_utils
Checking index
Checking mobile
Checking n_menus
/home/beta/FRAMES/nnote/site/src/n_libs/n_menus.erl
Checking cowboy
Checking cowboy_app
Checking cowboy_bstr
Checking cowboy_children
Checking cowboy_clear
Checking cowboy_clock
Checking cowboy_compress_h
Checking cowboy_constraints
Checking cowboy_handler
Checking cowboy_http
Checking cowboy_http2
Checking cowboy_loop
Checking cowboy_metrics_h
Checking cowboy_middleware
Checking cowboy_req
Checking cowboy_rest
Checking cowboy_router
Checking cowboy_static
Checking cowboy_stream
Checking cowboy_stream_h
Checking cowboy_sub_protocol
Checking cowboy_sup
Checking cowboy_tls
Checking cowboy_tracer_h
Checking cowboy_websocket
Checking cow_base64url
Checking cow_cookie
Checking cow_date
Checking cow_hpack
Checking cow_http
Checking cow_http2
Checking cow_http2_machine
Checking cow_http_hd
Checking cow_http_te
Checking cow_iolists
Checking cow_mimetypes
Checking cow_multipart
Checking cow_qs
Checking cow_spdy
Checking cow_sse
Checking cow_uri
Checking cow_ws
Checking mutagen
Checking mutagen_app
Checking mutagen_sup
Checking nitro_cache
Checking nitro_cache_app
Checking nitro_cache_expirer
Checking nitro_cache_sup
Checking action_add_class
Checking action_add_option
Checking action_alert
Checking action_animate
Checking action_api
Checking action_appear
Checking action_before_postback
Checking action_buttonize
Checking action_clear_validation
Checking action_click
Checking action_comet
Checking action_confirm
Checking action_console_log
Checking action_continue
Checking action_disable
Checking action_disable_selection
Checking action_effect
Checking action_enable
Checking action_event
Checking action_fade
Checking action_function
Checking action_hide
Checking action_if_checked
Checking action_if_value
Checking action_jquery_effect
Checking action_js_fun
Checking action_make_readonly
Checking action_make_writable
Checking action_open_window
Checking action_redirect
Checking action_remove_class
Checking action_remove_option
Checking action_script
Checking action_set
Checking action_set_cookie
Checking action_set_multiple
Checking action_show
Checking action_slide_down
Checking action_slide_up
Checking action_toggle
Checking action_toggle_mobile_panel
Checking action_toggle_option
Checking action_update
Checking action_validate
Checking action_validation_error
Checking action_wire
Checking element_button
Checking element_checkbox
Checking element_date_dropdown
Checking element_datepicker_textbox
Checking element_dropdown
Checking element_hidden
Checking element_inplace
Checking element_inplace_textarea
Checking element_inplace_textbox
Checking element_label
Checking element_password
Checking element_radio
Checking element_radiogroup
Checking element_range
Checking element_restful_form
Checking element_restful_reset
Checking element_restful_submit
Checking element_restful_upload
Checking element_textarea
Checking element_textbox
Checking element_textbox_autocomplete
Checking element_upload
Checking element_wizard
Checking element_basic_tag
Checking element_br
Checking element_email_link
Checking element_hr
Checking element_image
Checking element_link
Checking element_list
Checking element_listitem
Checking element_literal
Checking element_time
Checking element_value
Checking element_fieldset
Checking element_grid
Checking element_grid_960
Checking element_lightbox
Checking element_placeholder
Checking element_template
Checking element_mobile_collapsible
Checking element_mobile_collapsible_set
Checking element_mobile_grid
Checking element_mobile_grid_block
Checking element_mobile_list
Checking element_mobile_list_divider
Checking element_mobile_listitem
Checking element_mobile_panel
Checking element_mobile_toggle
Checking element_bind
Checking element_calendar
Checking element_delay_body
Checking element_draggable
Checking element_droppable
Checking element_file
Checking element_flash
Checking element_function
Checking element_google_chart
Checking element_gravatar
Checking element_icon
Checking element_iframe
Checking element_mermaid
Checking element_progress_bar
Checking element_qr
Checking element_recaptcha
Checking element_sortblock
Checking element_sortitem
Checking element_sparkline
Checking element_spinner
Checking element_sync_panel
Checking element_video
Checking element_youtube
Checking element_singlerow
Checking element_table
Checking element_tablecell
Checking element_tableheader
Checking element_tablerow
Checking cache_handler
Checking default_cache_handler
Checking config_handler
Checking default_config_handler
Checking crash_handler
Checking debug_crash_handler
Checking default_crash_handler
Checking default_identity_handler
Checking identity_handler
Checking default_log_handler
Checking log_handler
Checking default_postback_handler
Checking postback_handler
Checking gproc_registry_handler
Checking nprocreg_registry_handler
Checking process_registry_handler
Checking default_query_handler
Checking query_handler
Checking default_role_handler
Checking role_handler
Checking dynamic_route_handler
Checking file_not_found_page
Checking named_route_handler
Checking nitrogen_rest
Checking nitrogen_smart_extensions
Checking passthrough_route_handler
Checking route_handler
Checking default_security_handler
Checking http_basic_auth_security_handler
Checking security_handler
Checking canister_session_handler
Checking session_handler
Checking simple_session_handler
Checking default_state_handler
Checking state_handler
Checking default_websocket_handler
Checking websocket_handler
Checking nitro_mochijson2
Checking nitro_mochinum
Checking wf_action_queue
Checking wf_context
Checking wf_convert
Checking wf_cookies
Checking wf_event
Checking wf_fastmap
Checking wf_fastmap_worker
Checking wf_grid_system
Checking wf_handler
Checking wf_pandoc
Checking wf_pickle
Checking wf_render_actions
Checking wf_render_elements
Checking wf_security_policy
Checking wf_tags
Checking wf_test
Checking wf_test_srv
Checking wf_utils
Checking wf_validation
Checking nitrogen
Checking nitrogen_dev
Checking validator_confirm_password
Checking validator_confirm_same
Checking validator_custom
Checking validator_is_email
Checking validator_is_integer
Checking validator_is_number
Checking validator_is_required
Checking validator_js_custom
Checking validator_max_length
Checking validator_min_length
Checking wf
Checking wf_core
Checking nprocreg
Checking nprocreg_app
Checking nprocreg_sup
Checking qdate
Checking qdate_app
Checking qdate_srv
Checking qdate_sup
Checking ranch
Checking ranch_acceptor
Checking ranch_acceptors_sup
Checking ranch_app
Checking ranch_conns_sup
Checking ranch_crc32c
Checking ranch_listener_sup
Checking ranch_protocol
Checking ranch_proxy_header
Checking ranch_server
Checking ranch_ssl
Checking ranch_sup
Checking ranch_tcp
Checking ranch_transport
Checking rekt
Checking cowboy_request_server
Checking cowboy_simple_bridge
Checking cowboy_simple_bridge_anchor
Checking cowboy_simple_bridge_sup
Checking inets_simple_bridge
Checking inets_simple_bridge_anchor
Checking inets_simple_bridge_sup
Checking mochiweb_simple_bridge
Checking mochiweb_simple_bridge_anchor
Checking mochiweb_simple_bridge_sup
Checking sb_file_upload_handler
Checking sb_uploaded_file
Checking sbw
Checking simple_bridge
Checking simple_bridge_app
Checking simple_bridge_handler
Checking simple_bridge_handler_sample
Checking simple_bridge_multipart
Checking simple_bridge_util
Checking simple_bridge_websocket
Checking webmachine_simple_bridge
Checking webmachine_simple_bridge_anchor
Checking webmachine_simple_bridge_static
Checking webmachine_simple_bridge_sup
Checking yaws_simple_bridge
Checking yaws_simple_bridge_anchor
Checking yaws_simple_bridge_sup
Checking sync
Checking sync_notify
Checking sync_options
Checking sync_scanner
Checking sync_utils
Checking index
Checking mobile
Checking n_menus
/home/beta/FRAMES/nnote/site/src/n_libs/n_menus.erl
Checking cowboy
Checking cowboy_app
Checking cowboy_bstr
Checking cowboy_children
Checking cowboy_clear
Checking cowboy_clock
Checking cowboy_compress_h
Checking cowboy_constraints
Checking cowboy_handler
Checking cowboy_http
Checking cowboy_http2
Checking cowboy_loop
Checking cowboy_metrics_h
Checking cowboy_middleware
Checking cowboy_req
Checking cowboy_rest
Checking cowboy_router
Checking cowboy_static
Checking cowboy_stream
Checking cowboy_stream_h
Checking cowboy_sub_protocol
Checking cowboy_sup
Checking cowboy_tls
Checking cowboy_tracer_h
Checking cowboy_websocket
Checking cow_base64url
Checking cow_cookie
Checking cow_date
Checking cow_hpack
Checking cow_http
Checking cow_http2
Checking cow_http2_machine
Checking cow_http_hd
Checking cow_http_te
Checking cow_iolists
Checking cow_mimetypes
Checking cow_multipart
Checking cow_qs
Checking cow_spdy
Checking cow_sse
Checking cow_uri
Checking cow_ws
Checking mutagen
Checking mutagen_app
Checking mutagen_sup
Checking nitro_cache
Checking nitro_cache_app
Checking nitro_cache_expirer
Checking nitro_cache_sup
Checking action_add_class
Checking action_add_option
Checking action_alert
Checking action_animate
Checking action_api
Checking action_appear
Checking action_before_postback
Checking action_buttonize
Checking action_clear_validation
Checking action_click
Checking action_comet
Checking action_confirm
Checking action_console_log
Checking action_continue
Checking action_disable
Checking action_disable_selection
Checking action_effect
Checking action_enable
Checking action_event
Checking action_fade
Checking action_function
Checking action_hide
Checking action_if_checked
Checking action_if_value
Checking action_jquery_effect
Checking action_js_fun
Checking action_make_readonly
Checking action_make_writable
Checking action_open_window
Checking action_redirect
Checking action_remove_class
Checking action_remove_option
Checking action_script
Checking action_set
Checking action_set_cookie
Checking action_set_multiple
Checking action_show
Checking action_slide_down
Checking action_slide_up
Checking action_toggle
Checking action_toggle_mobile_panel
Checking action_toggle_option
Checking action_update
Checking action_validate
Checking action_validation_error
Checking action_wire
Checking element_button
Checking element_checkbox
Checking element_date_dropdown
Checking element_datepicker_textbox
Checking element_dropdown
Checking element_hidden
Checking element_inplace
Checking element_inplace_textarea
Checking element_inplace_textbox
Checking element_label
Checking element_password
Checking element_radio
Checking element_radiogroup
Checking element_range
Checking element_restful_form
Checking element_restful_reset
Checking element_restful_submit
Checking element_restful_upload
Checking element_textarea
Checking element_textbox
Checking element_textbox_autocomplete
Checking element_upload
Checking element_wizard
Checking element_basic_tag
Checking element_br
Checking element_email_link
Checking element_hr
Checking element_image
Checking element_link
Checking element_list
Checking element_listitem
Checking element_literal
Checking element_time
Checking element_value
Checking element_fieldset
Checking element_grid
Checking element_grid_960
Checking element_lightbox
Checking element_placeholder
Checking element_template
Checking element_mobile_collapsible
Checking element_mobile_collapsible_set
Checking element_mobile_grid
Checking element_mobile_grid_block
Checking element_mobile_list
Checking element_mobile_list_divider
Checking element_mobile_listitem
Checking element_mobile_panel
Checking element_mobile_toggle
Checking element_bind
Checking element_calendar
Checking element_delay_body
Checking element_draggable
Checking element_droppable
Checking element_file
Checking element_flash
Checking element_function
Checking element_google_chart
Checking element_gravatar
Checking element_icon
Checking element_iframe
Checking element_mermaid
Checking element_progress_bar
Checking element_qr
Checking element_recaptcha
Checking element_sortblock
Checking element_sortitem
Checking element_sparkline
Checking element_spinner
Checking element_sync_panel
Checking element_video
Checking element_youtube
Checking element_singlerow
Checking element_table
Checking element_tablecell
Checking element_tableheader
Checking element_tablerow
Checking cache_handler
Checking default_cache_handler
Checking config_handler
Checking default_config_handler
Checking crash_handler
Checking debug_crash_handler
Checking default_crash_handler
Checking default_identity_handler
Checking identity_handler
Checking default_log_handler
Checking log_handler
Checking default_postback_handler
Checking postback_handler
Checking gproc_registry_handler
Checking nprocreg_registry_handler
Checking process_registry_handler
Checking default_query_handler
Checking query_handler
Checking default_role_handler
Checking role_handler
Checking dynamic_route_handler
Checking file_not_found_page
Checking named_route_handler
Checking nitrogen_rest
Checking nitrogen_smart_extensions
Checking passthrough_route_handler
Checking route_handler
Checking default_security_handler
Checking http_basic_auth_security_handler
Checking security_handler
Checking canister_session_handler
Checking session_handler
Checking simple_session_handler
Checking default_state_handler
Checking state_handler
Checking default_websocket_handler
Checking websocket_handler
Checking nitro_mochijson2
Checking nitro_mochinum
Checking wf_action_queue
Checking wf_context
Checking wf_convert
Checking wf_cookies
Checking wf_event
Checking wf_fastmap
Checking wf_fastmap_worker
Checking wf_grid_system
Checking wf_handler
Checking wf_pandoc
Checking wf_pickle
Checking wf_render_actions
Checking wf_render_elements
Checking wf_security_policy
Checking wf_tags
Checking wf_test
Checking wf_test_srv
Checking wf_utils
Checking wf_validation
Checking nitrogen
Checking nitrogen_dev
Checking validator_confirm_password
Checking validator_confirm_same
Checking validator_custom
Checking validator_is_email
Checking validator_is_integer
Checking validator_is_number
Checking validator_is_required
Checking validator_js_custom
Checking validator_max_length
Checking validator_min_length
Checking wf
Checking wf_core
Checking nprocreg
Checking nprocreg_app
Checking nprocreg_sup
Checking qdate
Checking qdate_app
Checking qdate_srv
Checking qdate_sup
Checking ranch
Checking ranch_acceptor
Checking ranch_acceptors_sup
Checking ranch_app
Checking ranch_conns_sup
Checking ranch_crc32c
Checking ranch_listener_sup
Checking ranch_protocol
Checking ranch_proxy_header
Checking ranch_server
Checking ranch_ssl
Checking ranch_sup
Checking ranch_tcp
Checking ranch_transport
Checking rekt
Checking cowboy_request_server
Checking cowboy_simple_bridge
Checking cowboy_simple_bridge_anchor
Checking cowboy_simple_bridge_sup
Checking inets_simple_bridge
Checking inets_simple_bridge_anchor
Checking inets_simple_bridge_sup
Checking mochiweb_simple_bridge
Checking mochiweb_simple_bridge_anchor
Checking mochiweb_simple_bridge_sup
Checking sb_file_upload_handler
Checking sb_uploaded_file
Checking sbw
Checking simple_bridge
Checking simple_bridge_app
Checking simple_bridge_handler
Checking simple_bridge_handler_sample
Checking simple_bridge_multipart
Checking simple_bridge_util
Checking simple_bridge_websocket
Checking webmachine_simple_bridge
Checking webmachine_simple_bridge_anchor
Checking webmachine_simple_bridge_static
Checking webmachine_simple_bridge_sup
Checking yaws_simple_bridge
Checking yaws_simple_bridge_anchor
Checking yaws_simple_bridge_sup
Checking sync
Checking sync_notify
Checking sync_options
Checking sync_scanner
Checking sync_utils
Checking index
/home/beta/FRAMES/nnote/site/src/index.erl
Checking mobile
Checking n_menus
/home/beta/FRAMES/nnote/site/src/n_libs/n_menus.erl
Checking n_utils
/home/beta/FRAMES/nnote/site/src/n_libs/n_utils.erl
Checking nitrogen_app
Checking nitrogen_main_handler
Checking nitrogen_sup
Checking default_log_handler
Checking action_animate
Checking route_handler
Checking element_sortitem
Checking webmachine_simple_bridge_static
Checking validator_min_length
Checking action_toggle_mobile_panel
Checking element_basic_tag
Checking element_upload
Checking element_draggable
Checking element_mobile_listitem
Checking action_jquery_effect
Checking nitrogen_rest
Checking validator_is_number
Checking wf_render_actions
Checking websocket_handler
Checking cow_http_hd
Checking dynamic_route_handler
Checking webmachine_simple_bridge
Checking mochiweb_simple_bridge
Checking element_youtube
Checking canister_session_handler
Checking action_js_fun
Checking element_radio
Checking cowboy_simple_bridge_sup
Checking wf_tags
Checking element_restful_upload
Checking element_mobile_toggle
Checking cow_multipart
Checking element_progress_bar
Checking action_if_value
Checking postback_handler
Checking element_br
Checking element_icon
Checking wf_handler
Checking simple_bridge_multipart
Checking element_mobile_panel
Checking element_bind
Checking inets_simple_bridge
Checking simple_session_handler
Checking action_validation_error
Checking action_clear_validation
Checking process_registry_handler
Checking element_textarea
Checking action_before_postback
Checking element_textbox
Checking element_value
Checking action_event
Checking element_dropdown
Checking wf_pickle
Checking element_mobile_grid_block
Checking security_handler
Checking gproc_registry_handler
Checking wf_validation
Checking mochiweb_simple_bridge_anchor
Checking element_calendar
Checking default_state_handler
Checking element_inplace_textarea
Checking cache_handler
Checking wf_event
Checking action_hide
Checking action_enable
Checking element_range
Checking session_handler
Checking action_toggle
Checking action_validate
Checking state_handler
Checking wf_test
Checking action_redirect
Checking action_toggle_option
Checking action_if_checked
Checking element_recaptcha
Checking element_delay_body
Checking wf_context
Checking default_crash_handler
Checking cowboy_request_server
Checking element_google_chart
Checking cowboy_http
Checking action_remove_class
Checking element_listitem
Checking identity_handler
Checking validator_confirm_password
Checking element_hidden
Checking default_config_handler
Checking role_handler
Checking yaws_simple_bridge
Checking element_button
Checking action_slide_down
Checking element_checkbox
Checking element_gravatar
Checking element_sync_panel
Checking index
Checking action_click
Checking element_radiogroup
Checking http_basic_auth_security_handler
Checking action_make_writable
Checking wf_fastmap
Checking element_grid_960
Checking action_continue
Checking sbw
Checking nitro_cache
Checking validator_confirm_same
Checking file_not_found_page
Checking wf_test_srv
Checking wf_security_policy
Checking cow_http
Checking element_date_dropdown
Checking element_wizard
Checking validator_is_integer
Checking validator_custom
Checking nitro_cache_expirer
Checking element_tableheader
Checking cow_http_te
Checking element_mobile_collapsible
Checking element_grid
Checking element_spinner
Checking wf_utils
Checking element_hr
Checking element_link
Checking action_remove_option
Checking element_datepicker_textbox
Checking element_file
Checking mobile
Checking element_time
Checking action_effect
Checking element_mobile_list
Checking wf_cookies
Checking log_handler
Checking element_mobile_collapsible_set
Checking element_image
Checking validator_is_required
Checking default_websocket_handler
Checking action_api
Checking element_mobile_list_divider
Checking wf_action_queue
Checking action_confirm
Checking action_set_cookie
Checking simple_bridge
Checking default_cache_handler
Checking simple_bridge_handler
Checking action_set_multiple
Checking action_function
Checking named_route_handler
Checking element_template
Checking action_wire
Checking query_handler
Checking action_buttonize
Checking wf_pandoc
Checking element_placeholder
Checking debug_crash_handler
Checking default_postback_handler
Checking config_handler
Checking passthrough_route_handler
Checking element_flash
Checking action_disable_selection
Checking element_list
Checking validator_max_length
Checking validator_js_custom
Checking simple_bridge_util
Checking element_table
Checking action_open_window
Checking cowboy_simple_bridge
Checking element_tablerow
Checking action_set
Checking action_alert
Checking action_make_readonly
Checking sb_uploaded_file
Checking element_lightbox
Checking n_menus
Checking element_singlerow
Checking action_script
Checking nprocreg_registry_handler
Checking element_restful_reset
Checking element_textbox_autocomplete
Checking element_qr
Checking wf_convert
Checking element_restful_form
Checking action_fade
Checking element_literal
Checking element_mobile_grid
Checking action_add_class
Checking element_inplace
Checking action_console_log
Checking simple_bridge_websocket
Checking element_mermaid
Checking default_query_handler
Checking nprocreg
Checking element_password
Checking element_function
Checking wf
Checking action_comet
Checking action_disable
Checking action_appear
Checking element_iframe
Checking element_fieldset
Checking action_add_option
Checking element_email_link
Checking validator_is_email
Checking element_sparkline
Checking wf_core
Checking element_droppable
Checking action_update
Checking action_slide_up
Checking element_restful_submit
Checking default_security_handler
Checking element_video
Checking webmachine_simple_bridge_anchor
Checking wf_render_elements
Checking element_sortblock
Checking element_inplace_textbox
Checking action_show
Checking element_tablecell
Checking crash_handler
Checking element_label
/home/beta/FRAMES/nnote/site/src/index.erl
/home/beta/FRAMES/nnote/site/src/index.erl
/home/beta/FRAMES/nnote/site/src/n_libs/n_utils.erl
/home/beta/FRAMES/nnote/site/src/index.erl
/home/beta/FRAMES/nnote/site/src/n_libs/n_utils.erl
/home/beta/FRAMES/nnote/site/src/index.erl
/home/beta/FRAMES/nnote/site/src/index.erl
/home/beta/FRAMES/nnote/site/src/index.erl
/home/beta/FRAMES/nnote/site/src/index.erl
